[2024-11-25T08:53:41.225+0000] {local_task_job_runner.py:123} INFO - ::group::Pre task execution logs
[2024-11-25T08:53:41.255+0000] {taskinstance.py:2613} INFO - Dependencies all met for dep_context=non-requeueable deps ti=<TaskInstance: interpark_to_mongodb.extract scheduled__2024-11-24T00:00:00+00:00 [queued]>
[2024-11-25T08:53:41.269+0000] {taskinstance.py:2613} INFO - Dependencies all met for dep_context=requeueable deps ti=<TaskInstance: interpark_to_mongodb.extract scheduled__2024-11-24T00:00:00+00:00 [queued]>
[2024-11-25T08:53:41.269+0000] {taskinstance.py:2866} INFO - Starting attempt 4 of 4
[2024-11-25T08:53:41.286+0000] {taskinstance.py:2889} INFO - Executing <Task(PythonVirtualenvOperator): extract> on 2024-11-24 00:00:00+00:00
[2024-11-25T08:53:41.292+0000] {warnings.py:112} WARNING - /home/***/.local/lib/python3.12/site-packages/***/task/task_runner/standard_task_runner.py:70: DeprecationWarning: This process (pid=16240) is multi-threaded, use of fork() may lead to deadlocks in the child.
  pid = os.fork()

[2024-11-25T08:53:41.293+0000] {standard_task_runner.py:72} INFO - Started process 16250 to run task
[2024-11-25T08:53:41.293+0000] {standard_task_runner.py:104} INFO - Running: ['***', 'tasks', 'run', 'interpark_to_mongodb', 'extract', 'scheduled__2024-11-24T00:00:00+00:00', '--job-id', '211', '--raw', '--subdir', 'DAGS_FOLDER/mongo_test.py', '--cfg-path', '/tmp/tmpcezuiqmg']
[2024-11-25T08:53:41.295+0000] {standard_task_runner.py:105} INFO - Job 211: Subtask extract
[2024-11-25T08:53:41.353+0000] {task_command.py:467} INFO - Running <TaskInstance: interpark_to_mongodb.extract scheduled__2024-11-24T00:00:00+00:00 [running]> on host d6eb7d9e3d92
[2024-11-25T08:53:41.535+0000] {taskinstance.py:3132} INFO - Exporting env vars: AIRFLOW_CTX_DAG_OWNER='***' AIRFLOW_CTX_DAG_ID='interpark_to_mongodb' AIRFLOW_CTX_TASK_ID='extract' AIRFLOW_CTX_EXECUTION_DATE='2024-11-24T00:00:00+00:00' AIRFLOW_CTX_TRY_NUMBER='4' AIRFLOW_CTX_DAG_RUN_ID='scheduled__2024-11-24T00:00:00+00:00'
[2024-11-25T08:53:41.536+0000] {taskinstance.py:731} INFO - ::endgroup::
[2024-11-25T08:53:41.566+0000] {baseoperator.py:416} WARNING - PythonVirtualenvOperator.execute cannot be called outside TaskInstance!
[2024-11-25T08:53:41.569+0000] {process_utils.py:186} INFO - Executing cmd: /home/***/.local/bin/python -m virtualenv /tmp/venvb9u1d0u0 --system-site-packages --python=python
[2024-11-25T08:53:41.571+0000] {process_utils.py:190} INFO - Output:
[2024-11-25T08:53:42.751+0000] {process_utils.py:194} INFO - created virtual environment CPython3.12.7.final.0-64 in 389ms
[2024-11-25T08:53:42.751+0000] {process_utils.py:194} INFO -   creator CPython3Posix(dest=/tmp/venvb9u1d0u0, clear=False, no_vcs_ignore=False, global=True)
[2024-11-25T08:53:42.752+0000] {process_utils.py:194} INFO -   seeder FromAppData(download=False, pip=bundle, via=copy, app_data_dir=/home/***/.local/share/virtualenv)
[2024-11-25T08:53:42.752+0000] {process_utils.py:194} INFO -     added seed packages: pip==24.3.1
[2024-11-25T08:53:42.752+0000] {process_utils.py:194} INFO -   activators BashActivator,CShellActivator,FishActivator,NushellActivator,PowerShellActivator,PythonActivator
[2024-11-25T08:53:42.800+0000] {process_utils.py:186} INFO - Executing cmd: /tmp/venvb9u1d0u0/bin/pip install -r /tmp/venvb9u1d0u0/requirements.txt
[2024-11-25T08:53:42.812+0000] {process_utils.py:190} INFO - Output:
[2024-11-25T08:53:45.579+0000] {process_utils.py:194} INFO - Collecting git+https://github.com/hahahellooo/interpark.git@0.3/new_crawling (from -r /tmp/venvb9u1d0u0/requirements.txt (line 1))
[2024-11-25T08:53:45.580+0000] {process_utils.py:194} INFO -   Cloning https://github.com/hahahellooo/interpark.git (to revision 0.3/new_crawling) to /tmp/pip-req-build-15o5r3p3
[2024-11-25T08:53:45.587+0000] {process_utils.py:194} INFO -   Running command git clone --filter=blob:none --quiet https://github.com/hahahellooo/interpark.git /tmp/pip-req-build-15o5r3p3
[2024-11-25T08:53:47.778+0000] {process_utils.py:194} INFO -   Running command git checkout -b 0.3/new_crawling --track origin/0.3/new_crawling
[2024-11-25T08:53:48.326+0000] {process_utils.py:194} INFO -   Switched to a new branch '0.3/new_crawling'
[2024-11-25T08:53:48.327+0000] {process_utils.py:194} INFO -   branch '0.3/new_crawling' set up to track 'origin/0.3/new_crawling'.
[2024-11-25T08:53:48.327+0000] {process_utils.py:194} INFO -   Resolved https://github.com/hahahellooo/interpark.git to commit 4b5496d650b6172e9da835fcf58a199fd648110f
[2024-11-25T08:53:48.335+0000] {process_utils.py:194} INFO -   Installing build dependencies: started
[2024-11-25T08:53:53.265+0000] {process_utils.py:194} INFO -   Installing build dependencies: finished with status 'done'
[2024-11-25T08:53:53.266+0000] {process_utils.py:194} INFO -   Getting requirements to build wheel: started
[2024-11-25T08:53:54.493+0000] {process_utils.py:194} INFO -   Getting requirements to build wheel: finished with status 'done'
[2024-11-25T08:53:54.495+0000] {process_utils.py:194} INFO -   Preparing metadata (pyproject.toml): started
[2024-11-25T08:53:55.738+0000] {process_utils.py:194} INFO -   Preparing metadata (pyproject.toml): finished with status 'done'
[2024-11-25T08:53:55.879+0000] {process_utils.py:194} INFO - Collecting selenium>=4.26.1 (from interpark==0.2.0->-r /tmp/venvb9u1d0u0/requirements.txt (line 1))
[2024-11-25T08:53:55.882+0000] {process_utils.py:194} INFO -   Using cached selenium-4.26.1-py3-none-any.whl.metadata (7.1 kB)
[2024-11-25T08:53:55.887+0000] {process_utils.py:194} INFO - Requirement already satisfied: beautifulsoup4>=4.12.3 in /home/***/.local/lib/python3.12/site-packages (from interpark==0.2.0->-r /tmp/venvb9u1d0u0/requirements.txt (line 1)) (4.12.3)
[2024-11-25T08:53:55.925+0000] {process_utils.py:194} INFO - Collecting webdriver-manager>=4.0.2 (from interpark==0.2.0->-r /tmp/venvb9u1d0u0/requirements.txt (line 1))
[2024-11-25T08:53:55.928+0000] {process_utils.py:194} INFO -   Using cached webdriver_manager-4.0.2-py2.py3-none-any.whl.metadata (12 kB)
[2024-11-25T08:53:56.626+0000] {process_utils.py:194} INFO - Collecting pymongo>=4.10.1 (from interpark==0.2.0->-r /tmp/venvb9u1d0u0/requirements.txt (line 1))
[2024-11-25T08:53:56.630+0000] {process_utils.py:194} INFO -   Using cached pymongo-4.10.1-cp312-cp312-manylinux_2_17_x86_64.manylinux2014_x86_64.whl.metadata (22 kB)
[2024-11-25T08:53:56.784+0000] {process_utils.py:194} INFO - Collecting apache-***-providers-amazon>=9.1.0 (from interpark==0.2.0->-r /tmp/venvb9u1d0u0/requirements.txt (line 1))
[2024-11-25T08:53:56.788+0000] {process_utils.py:194} INFO -   Using cached apache_***_providers_amazon-9.1.0-py3-none-any.whl.metadata (10 kB)
[2024-11-25T08:53:56.847+0000] {process_utils.py:194} INFO - Collecting chromedriver-autoinstaller>=0.6.4 (from interpark==0.2.0->-r /tmp/venvb9u1d0u0/requirements.txt (line 1))
[2024-11-25T08:53:56.851+0000] {process_utils.py:194} INFO -   Using cached chromedriver_autoinstaller-0.6.4-py3-none-any.whl.metadata (2.1 kB)
[2024-11-25T08:53:56.856+0000] {process_utils.py:194} INFO - Requirement already satisfied: PyAthena>=3.0.10 in /home/***/.local/lib/python3.12/site-packages (from apache-***-providers-amazon>=9.1.0->interpark==0.2.0->-r /tmp/venvb9u1d0u0/requirements.txt (line 1)) (3.9.0)
[2024-11-25T08:53:56.857+0000] {process_utils.py:194} INFO - Requirement already satisfied: apache-***-providers-common-compat>=1.2.1 in /home/***/.local/lib/python3.12/site-packages (from apache-***-providers-amazon>=9.1.0->interpark==0.2.0->-r /tmp/venvb9u1d0u0/requirements.txt (line 1)) (1.2.1)
[2024-11-25T08:53:56.916+0000] {process_utils.py:194} INFO - Collecting apache-***-providers-common-sql>=1.20.0 (from apache-***-providers-amazon>=9.1.0->interpark==0.2.0->-r /tmp/venvb9u1d0u0/requirements.txt (line 1))
[2024-11-25T08:53:56.918+0000] {process_utils.py:194} INFO -   Using cached apache_***_providers_common_sql-1.20.0-py3-none-any.whl.metadata (6.2 kB)
[2024-11-25T08:53:56.921+0000] {process_utils.py:194} INFO - Requirement already satisfied: apache-***-providers-http in /home/***/.local/lib/python3.12/site-packages (from apache-***-providers-amazon>=9.1.0->interpark==0.2.0->-r /tmp/venvb9u1d0u0/requirements.txt (line 1)) (4.13.2)
[2024-11-25T08:53:56.922+0000] {process_utils.py:194} INFO - Requirement already satisfied: apache-***>=2.8.0 in /home/***/.local/lib/python3.12/site-packages (from apache-***-providers-amazon>=9.1.0->interpark==0.2.0->-r /tmp/venvb9u1d0u0/requirements.txt (line 1)) (2.10.3)
[2024-11-25T08:53:56.922+0000] {process_utils.py:194} INFO - Requirement already satisfied: asgiref>=2.3.0 in /home/***/.local/lib/python3.12/site-packages (from apache-***-providers-amazon>=9.1.0->interpark==0.2.0->-r /tmp/venvb9u1d0u0/requirements.txt (line 1)) (3.8.1)
[2024-11-25T08:53:56.923+0000] {process_utils.py:194} INFO - Requirement already satisfied: boto3>=1.34.90 in /home/***/.local/lib/python3.12/site-packages (from apache-***-providers-amazon>=9.1.0->interpark==0.2.0->-r /tmp/venvb9u1d0u0/requirements.txt (line 1)) (1.35.36)
[2024-11-25T08:53:56.923+0000] {process_utils.py:194} INFO - Requirement already satisfied: botocore>=1.34.90 in /home/***/.local/lib/python3.12/site-packages (from apache-***-providers-amazon>=9.1.0->interpark==0.2.0->-r /tmp/venvb9u1d0u0/requirements.txt (line 1)) (1.35.36)
[2024-11-25T08:53:56.924+0000] {process_utils.py:194} INFO - Requirement already satisfied: inflection>=0.5.1 in /home/***/.local/lib/python3.12/site-packages (from apache-***-providers-amazon>=9.1.0->interpark==0.2.0->-r /tmp/venvb9u1d0u0/requirements.txt (line 1)) (0.5.1)
[2024-11-25T08:53:56.924+0000] {process_utils.py:194} INFO - Requirement already satisfied: jmespath>=0.7.0 in /home/***/.local/lib/python3.12/site-packages (from apache-***-providers-amazon>=9.1.0->interpark==0.2.0->-r /tmp/venvb9u1d0u0/requirements.txt (line 1)) (0.10.0)
[2024-11-25T08:53:56.924+0000] {process_utils.py:194} INFO - Requirement already satisfied: jsonpath_ng>=1.5.3 in /home/***/.local/lib/python3.12/site-packages (from apache-***-providers-amazon>=9.1.0->interpark==0.2.0->-r /tmp/venvb9u1d0u0/requirements.txt (line 1)) (1.7.0)
[2024-11-25T08:53:56.925+0000] {process_utils.py:194} INFO - Requirement already satisfied: python3-saml>=1.16.0 in /home/***/.local/lib/python3.12/site-packages (from apache-***-providers-amazon>=9.1.0->interpark==0.2.0->-r /tmp/venvb9u1d0u0/requirements.txt (line 1)) (1.16.0)
[2024-11-25T08:53:56.925+0000] {process_utils.py:194} INFO - Requirement already satisfied: redshift_connector>=2.0.918 in /home/***/.local/lib/python3.12/site-packages (from apache-***-providers-amazon>=9.1.0->interpark==0.2.0->-r /tmp/venvb9u1d0u0/requirements.txt (line 1)) (2.1.3)
[2024-11-25T08:53:56.926+0000] {process_utils.py:194} INFO - Requirement already satisfied: watchtower!=3.3.0,<4,>=3.0.0 in /home/***/.local/lib/python3.12/site-packages (from apache-***-providers-amazon>=9.1.0->interpark==0.2.0->-r /tmp/venvb9u1d0u0/requirements.txt (line 1)) (3.3.1)
[2024-11-25T08:53:56.927+0000] {process_utils.py:194} INFO - Requirement already satisfied: soupsieve>1.2 in /home/***/.local/lib/python3.12/site-packages (from beautifulsoup4>=4.12.3->interpark==0.2.0->-r /tmp/venvb9u1d0u0/requirements.txt (line 1)) (2.6)
[2024-11-25T08:53:56.929+0000] {process_utils.py:194} INFO - Requirement already satisfied: packaging>=23.1 in /home/***/.local/lib/python3.12/site-packages (from chromedriver-autoinstaller>=0.6.4->interpark==0.2.0->-r /tmp/venvb9u1d0u0/requirements.txt (line 1)) (24.1)
[2024-11-25T08:53:56.931+0000] {process_utils.py:194} INFO - Requirement already satisfied: dnspython<3.0.0,>=1.16.0 in /home/***/.local/lib/python3.12/site-packages (from pymongo>=4.10.1->interpark==0.2.0->-r /tmp/venvb9u1d0u0/requirements.txt (line 1)) (2.7.0)
[2024-11-25T08:53:56.933+0000] {process_utils.py:194} INFO - Requirement already satisfied: urllib3<3,>=1.26 in /home/***/.local/lib/python3.12/site-packages (from urllib3[socks]<3,>=1.26->selenium>=4.26.1->interpark==0.2.0->-r /tmp/venvb9u1d0u0/requirements.txt (line 1)) (2.2.3)
[2024-11-25T08:53:56.967+0000] {process_utils.py:194} INFO - Collecting trio~=0.17 (from selenium>=4.26.1->interpark==0.2.0->-r /tmp/venvb9u1d0u0/requirements.txt (line 1))
[2024-11-25T08:53:56.969+0000] {process_utils.py:194} INFO -   Using cached trio-0.27.0-py3-none-any.whl.metadata (8.6 kB)
[2024-11-25T08:53:57.001+0000] {process_utils.py:194} INFO - Collecting trio-websocket~=0.9 (from selenium>=4.26.1->interpark==0.2.0->-r /tmp/venvb9u1d0u0/requirements.txt (line 1))
[2024-11-25T08:53:57.003+0000] {process_utils.py:194} INFO -   Using cached trio_websocket-0.11.1-py3-none-any.whl.metadata (4.7 kB)
[2024-11-25T08:53:57.006+0000] {process_utils.py:194} INFO - Requirement already satisfied: certifi>=2021.10.8 in /home/***/.local/lib/python3.12/site-packages (from selenium>=4.26.1->interpark==0.2.0->-r /tmp/venvb9u1d0u0/requirements.txt (line 1)) (2024.8.30)
[2024-11-25T08:53:57.007+0000] {process_utils.py:194} INFO - Requirement already satisfied: typing_extensions~=4.9 in /home/***/.local/lib/python3.12/site-packages (from selenium>=4.26.1->interpark==0.2.0->-r /tmp/venvb9u1d0u0/requirements.txt (line 1)) (4.12.2)
[2024-11-25T08:53:57.007+0000] {process_utils.py:194} INFO - Requirement already satisfied: websocket-client~=1.8 in /home/***/.local/lib/python3.12/site-packages (from selenium>=4.26.1->interpark==0.2.0->-r /tmp/venvb9u1d0u0/requirements.txt (line 1)) (1.8.0)
[2024-11-25T08:53:57.009+0000] {process_utils.py:194} INFO - Requirement already satisfied: requests in /home/***/.local/lib/python3.12/site-packages (from webdriver-manager>=4.0.2->interpark==0.2.0->-r /tmp/venvb9u1d0u0/requirements.txt (line 1)) (2.32.3)
[2024-11-25T08:53:57.010+0000] {process_utils.py:194} INFO - Requirement already satisfied: python-dotenv in /home/***/.local/lib/python3.12/site-packages (from webdriver-manager>=4.0.2->interpark==0.2.0->-r /tmp/venvb9u1d0u0/requirements.txt (line 1)) (1.0.1)
[2024-11-25T08:53:57.065+0000] {process_utils.py:194} INFO - Requirement already satisfied: alembic<2.0,>=1.13.1 in /home/***/.local/lib/python3.12/site-packages (from apache-***>=2.8.0->apache-***-providers-amazon>=9.1.0->interpark==0.2.0->-r /tmp/venvb9u1d0u0/requirements.txt (line 1)) (1.14.0)
[2024-11-25T08:53:57.066+0000] {process_utils.py:194} INFO - Requirement already satisfied: argcomplete>=1.10 in /home/***/.local/lib/python3.12/site-packages (from apache-***>=2.8.0->apache-***-providers-amazon>=9.1.0->interpark==0.2.0->-r /tmp/venvb9u1d0u0/requirements.txt (line 1)) (3.5.1)
[2024-11-25T08:53:57.067+0000] {process_utils.py:194} INFO - Requirement already satisfied: attrs>=22.1.0 in /home/***/.local/lib/python3.12/site-packages (from apache-***>=2.8.0->apache-***-providers-amazon>=9.1.0->interpark==0.2.0->-r /tmp/venvb9u1d0u0/requirements.txt (line 1)) (24.2.0)
[2024-11-25T08:53:57.067+0000] {process_utils.py:194} INFO - Requirement already satisfied: blinker>=1.6.2 in /home/***/.local/lib/python3.12/site-packages (from apache-***>=2.8.0->apache-***-providers-amazon>=9.1.0->interpark==0.2.0->-r /tmp/venvb9u1d0u0/requirements.txt (line 1)) (1.8.2)
[2024-11-25T08:53:57.068+0000] {process_utils.py:194} INFO - Requirement already satisfied: colorlog>=6.8.2 in /home/***/.local/lib/python3.12/site-packages (from apache-***>=2.8.0->apache-***-providers-amazon>=9.1.0->interpark==0.2.0->-r /tmp/venvb9u1d0u0/requirements.txt (line 1)) (6.9.0)
[2024-11-25T08:53:57.069+0000] {process_utils.py:194} INFO - Requirement already satisfied: configupdater>=3.1.1 in /home/***/.local/lib/python3.12/site-packages (from apache-***>=2.8.0->apache-***-providers-amazon>=9.1.0->interpark==0.2.0->-r /tmp/venvb9u1d0u0/requirements.txt (line 1)) (3.2)
[2024-11-25T08:53:57.069+0000] {process_utils.py:194} INFO - Requirement already satisfied: connexion<3.0,>=2.14.2 in /home/***/.local/lib/python3.12/site-packages (from connexion[flask]<3.0,>=2.14.2->apache-***>=2.8.0->apache-***-providers-amazon>=9.1.0->interpark==0.2.0->-r /tmp/venvb9u1d0u0/requirements.txt (line 1)) (2.14.2)
[2024-11-25T08:53:57.070+0000] {process_utils.py:194} INFO - Requirement already satisfied: cron-descriptor>=1.2.24 in /home/***/.local/lib/python3.12/site-packages (from apache-***>=2.8.0->apache-***-providers-amazon>=9.1.0->interpark==0.2.0->-r /tmp/venvb9u1d0u0/requirements.txt (line 1)) (1.4.5)
[2024-11-25T08:53:57.071+0000] {process_utils.py:194} INFO - Requirement already satisfied: croniter>=2.0.2 in /home/***/.local/lib/python3.12/site-packages (from apache-***>=2.8.0->apache-***-providers-amazon>=9.1.0->interpark==0.2.0->-r /tmp/venvb9u1d0u0/requirements.txt (line 1)) (5.0.1)
[2024-11-25T08:53:57.072+0000] {process_utils.py:194} INFO - Requirement already satisfied: cryptography>=41.0.0 in /home/***/.local/lib/python3.12/site-packages (from apache-***>=2.8.0->apache-***-providers-amazon>=9.1.0->interpark==0.2.0->-r /tmp/venvb9u1d0u0/requirements.txt (line 1)) (42.0.8)
[2024-11-25T08:53:57.073+0000] {process_utils.py:194} INFO - Requirement already satisfied: deprecated>=1.2.13 in /home/***/.local/lib/python3.12/site-packages (from apache-***>=2.8.0->apache-***-providers-amazon>=9.1.0->interpark==0.2.0->-r /tmp/venvb9u1d0u0/requirements.txt (line 1)) (1.2.14)
[2024-11-25T08:53:57.074+0000] {process_utils.py:194} INFO - Requirement already satisfied: dill>=0.2.2 in /home/***/.local/lib/python3.12/site-packages (from apache-***>=2.8.0->apache-***-providers-amazon>=9.1.0->interpark==0.2.0->-r /tmp/venvb9u1d0u0/requirements.txt (line 1)) (0.3.9)
[2024-11-25T08:53:57.075+0000] {process_utils.py:194} INFO - Requirement already satisfied: flask-caching>=2.0.0 in /home/***/.local/lib/python3.12/site-packages (from apache-***>=2.8.0->apache-***-providers-amazon>=9.1.0->interpark==0.2.0->-r /tmp/venvb9u1d0u0/requirements.txt (line 1)) (2.3.0)
[2024-11-25T08:53:57.075+0000] {process_utils.py:194} INFO - Requirement already satisfied: flask-session<0.6,>=0.4.0 in /home/***/.local/lib/python3.12/site-packages (from apache-***>=2.8.0->apache-***-providers-amazon>=9.1.0->interpark==0.2.0->-r /tmp/venvb9u1d0u0/requirements.txt (line 1)) (0.5.0)
[2024-11-25T08:53:57.076+0000] {process_utils.py:194} INFO - Requirement already satisfied: flask-wtf>=1.1.0 in /home/***/.local/lib/python3.12/site-packages (from apache-***>=2.8.0->apache-***-providers-amazon>=9.1.0->interpark==0.2.0->-r /tmp/venvb9u1d0u0/requirements.txt (line 1)) (1.2.2)
[2024-11-25T08:53:57.076+0000] {process_utils.py:194} INFO - Requirement already satisfied: flask<2.3,>=2.2.1 in /home/***/.local/lib/python3.12/site-packages (from apache-***>=2.8.0->apache-***-providers-amazon>=9.1.0->interpark==0.2.0->-r /tmp/venvb9u1d0u0/requirements.txt (line 1)) (2.2.5)
[2024-11-25T08:53:57.077+0000] {process_utils.py:194} INFO - Requirement already satisfied: fsspec>=2023.10.0 in /home/***/.local/lib/python3.12/site-packages (from apache-***>=2.8.0->apache-***-providers-amazon>=9.1.0->interpark==0.2.0->-r /tmp/venvb9u1d0u0/requirements.txt (line 1)) (2024.10.0)
[2024-11-25T08:53:57.077+0000] {process_utils.py:194} INFO - Requirement already satisfied: google-re2>=1.1 in /home/***/.local/lib/python3.12/site-packages (from apache-***>=2.8.0->apache-***-providers-amazon>=9.1.0->interpark==0.2.0->-r /tmp/venvb9u1d0u0/requirements.txt (line 1)) (1.1.20240702)
[2024-11-25T08:53:57.077+0000] {process_utils.py:194} INFO - Requirement already satisfied: gunicorn>=20.1.0 in /home/***/.local/lib/python3.12/site-packages (from apache-***>=2.8.0->apache-***-providers-amazon>=9.1.0->interpark==0.2.0->-r /tmp/venvb9u1d0u0/requirements.txt (line 1)) (23.0.0)
[2024-11-25T08:53:57.078+0000] {process_utils.py:194} INFO - Requirement already satisfied: httpx>=0.25.0 in /home/***/.local/lib/python3.12/site-packages (from apache-***>=2.8.0->apache-***-providers-amazon>=9.1.0->interpark==0.2.0->-r /tmp/venvb9u1d0u0/requirements.txt (line 1)) (0.27.0)
[2024-11-25T08:53:57.078+0000] {process_utils.py:194} INFO - Requirement already satisfied: itsdangerous>=2.0 in /home/***/.local/lib/python3.12/site-packages (from apache-***>=2.8.0->apache-***-providers-amazon>=9.1.0->interpark==0.2.0->-r /tmp/venvb9u1d0u0/requirements.txt (line 1)) (2.2.0)
[2024-11-25T08:53:57.079+0000] {process_utils.py:194} INFO - Requirement already satisfied: jinja2>=3.0.0 in /home/***/.local/lib/python3.12/site-packages (from apache-***>=2.8.0->apache-***-providers-amazon>=9.1.0->interpark==0.2.0->-r /tmp/venvb9u1d0u0/requirements.txt (line 1)) (3.1.4)
[2024-11-25T08:53:57.079+0000] {process_utils.py:194} INFO - Requirement already satisfied: jsonschema>=4.18.0 in /home/***/.local/lib/python3.12/site-packages (from apache-***>=2.8.0->apache-***-providers-amazon>=9.1.0->interpark==0.2.0->-r /tmp/venvb9u1d0u0/requirements.txt (line 1)) (4.23.0)
[2024-11-25T08:53:57.080+0000] {process_utils.py:194} INFO - Requirement already satisfied: lazy-object-proxy>=1.2.0 in /home/***/.local/lib/python3.12/site-packages (from apache-***>=2.8.0->apache-***-providers-amazon>=9.1.0->interpark==0.2.0->-r /tmp/venvb9u1d0u0/requirements.txt (line 1)) (1.10.0)
[2024-11-25T08:53:57.081+0000] {process_utils.py:194} INFO - Requirement already satisfied: linkify-it-py>=2.0.0 in /home/***/.local/lib/python3.12/site-packages (from apache-***>=2.8.0->apache-***-providers-amazon>=9.1.0->interpark==0.2.0->-r /tmp/venvb9u1d0u0/requirements.txt (line 1)) (2.0.3)
[2024-11-25T08:53:57.081+0000] {process_utils.py:194} INFO - Requirement already satisfied: lockfile>=0.12.2 in /home/***/.local/lib/python3.12/site-packages (from apache-***>=2.8.0->apache-***-providers-amazon>=9.1.0->interpark==0.2.0->-r /tmp/venvb9u1d0u0/requirements.txt (line 1)) (0.12.2)
[2024-11-25T08:53:57.082+0000] {process_utils.py:194} INFO - Requirement already satisfied: markdown-it-py>=2.1.0 in /home/***/.local/lib/python3.12/site-packages (from apache-***>=2.8.0->apache-***-providers-amazon>=9.1.0->interpark==0.2.0->-r /tmp/venvb9u1d0u0/requirements.txt (line 1)) (3.0.0)
[2024-11-25T08:53:57.082+0000] {process_utils.py:194} INFO - Requirement already satisfied: markupsafe>=1.1.1 in /home/***/.local/lib/python3.12/site-packages (from apache-***>=2.8.0->apache-***-providers-amazon>=9.1.0->interpark==0.2.0->-r /tmp/venvb9u1d0u0/requirements.txt (line 1)) (3.0.2)
[2024-11-25T08:53:57.083+0000] {process_utils.py:194} INFO - Requirement already satisfied: marshmallow-oneofschema>=2.0.1 in /home/***/.local/lib/python3.12/site-packages (from apache-***>=2.8.0->apache-***-providers-amazon>=9.1.0->interpark==0.2.0->-r /tmp/venvb9u1d0u0/requirements.txt (line 1)) (3.1.1)
[2024-11-25T08:53:57.084+0000] {process_utils.py:194} INFO - Requirement already satisfied: mdit-py-plugins>=0.3.0 in /home/***/.local/lib/python3.12/site-packages (from apache-***>=2.8.0->apache-***-providers-amazon>=9.1.0->interpark==0.2.0->-r /tmp/venvb9u1d0u0/requirements.txt (line 1)) (0.4.2)
[2024-11-25T08:53:57.084+0000] {process_utils.py:194} INFO - Requirement already satisfied: methodtools>=0.4.7 in /home/***/.local/lib/python3.12/site-packages (from apache-***>=2.8.0->apache-***-providers-amazon>=9.1.0->interpark==0.2.0->-r /tmp/venvb9u1d0u0/requirements.txt (line 1)) (0.4.7)
[2024-11-25T08:53:57.084+0000] {process_utils.py:194} INFO - Requirement already satisfied: opentelemetry-api>=1.15.0 in /home/***/.local/lib/python3.12/site-packages (from apache-***>=2.8.0->apache-***-providers-amazon>=9.1.0->interpark==0.2.0->-r /tmp/venvb9u1d0u0/requirements.txt (line 1)) (1.27.0)
[2024-11-25T08:53:57.085+0000] {process_utils.py:194} INFO - Requirement already satisfied: opentelemetry-exporter-otlp>=1.15.0 in /home/***/.local/lib/python3.12/site-packages (from apache-***>=2.8.0->apache-***-providers-amazon>=9.1.0->interpark==0.2.0->-r /tmp/venvb9u1d0u0/requirements.txt (line 1)) (1.27.0)
[2024-11-25T08:53:57.111+0000] {process_utils.py:194} INFO - Requirement already satisfied: pathspec>=0.9.0 in /home/***/.local/lib/python3.12/site-packages (from apache-***>=2.8.0->apache-***-providers-amazon>=9.1.0->interpark==0.2.0->-r /tmp/venvb9u1d0u0/requirements.txt (line 1)) (0.12.1)
[2024-11-25T08:53:57.112+0000] {process_utils.py:194} INFO - Requirement already satisfied: pendulum<4.0,>=3.0.0 in /home/***/.local/lib/python3.12/site-packages (from apache-***>=2.8.0->apache-***-providers-amazon>=9.1.0->interpark==0.2.0->-r /tmp/venvb9u1d0u0/requirements.txt (line 1)) (3.0.0)
[2024-11-25T08:53:57.113+0000] {process_utils.py:194} INFO - Requirement already satisfied: pluggy>=1.5.0 in /home/***/.local/lib/python3.12/site-packages (from apache-***>=2.8.0->apache-***-providers-amazon>=9.1.0->interpark==0.2.0->-r /tmp/venvb9u1d0u0/requirements.txt (line 1)) (1.5.0)
[2024-11-25T08:53:57.114+0000] {process_utils.py:194} INFO - Requirement already satisfied: psutil>=5.8.0 in /home/***/.local/lib/python3.12/site-packages (from apache-***>=2.8.0->apache-***-providers-amazon>=9.1.0->interpark==0.2.0->-r /tmp/venvb9u1d0u0/requirements.txt (line 1)) (6.1.0)
[2024-11-25T08:53:57.114+0000] {process_utils.py:194} INFO - Requirement already satisfied: pygments>=2.0.1 in /home/***/.local/lib/python3.12/site-packages (from apache-***>=2.8.0->apache-***-providers-amazon>=9.1.0->interpark==0.2.0->-r /tmp/venvb9u1d0u0/requirements.txt (line 1)) (2.18.0)
[2024-11-25T08:53:57.115+0000] {process_utils.py:194} INFO - Requirement already satisfied: pyjwt>=2.0.0 in /home/***/.local/lib/python3.12/site-packages (from apache-***>=2.8.0->apache-***-providers-amazon>=9.1.0->interpark==0.2.0->-r /tmp/venvb9u1d0u0/requirements.txt (line 1)) (2.9.0)
[2024-11-25T08:53:57.115+0000] {process_utils.py:194} INFO - Requirement already satisfied: python-daemon>=3.0.0 in /home/***/.local/lib/python3.12/site-packages (from apache-***>=2.8.0->apache-***-providers-amazon>=9.1.0->interpark==0.2.0->-r /tmp/venvb9u1d0u0/requirements.txt (line 1)) (3.1.0)
[2024-11-25T08:53:57.116+0000] {process_utils.py:194} INFO - Requirement already satisfied: python-dateutil>=2.7.0 in /home/***/.local/lib/python3.12/site-packages (from apache-***>=2.8.0->apache-***-providers-amazon>=9.1.0->interpark==0.2.0->-r /tmp/venvb9u1d0u0/requirements.txt (line 1)) (2.9.0.post0)
[2024-11-25T08:53:57.117+0000] {process_utils.py:194} INFO - Requirement already satisfied: python-nvd3>=0.15.0 in /home/***/.local/lib/python3.12/site-packages (from apache-***>=2.8.0->apache-***-providers-amazon>=9.1.0->interpark==0.2.0->-r /tmp/venvb9u1d0u0/requirements.txt (line 1)) (0.16.0)
[2024-11-25T08:53:57.118+0000] {process_utils.py:194} INFO - Requirement already satisfied: python-slugify>=5.0 in /home/***/.local/lib/python3.12/site-packages (from apache-***>=2.8.0->apache-***-providers-amazon>=9.1.0->interpark==0.2.0->-r /tmp/venvb9u1d0u0/requirements.txt (line 1)) (8.0.4)
[2024-11-25T08:53:57.118+0000] {process_utils.py:194} INFO - Requirement already satisfied: requests-toolbelt>=0.4.0 in /home/***/.local/lib/python3.12/site-packages (from apache-***>=2.8.0->apache-***-providers-amazon>=9.1.0->interpark==0.2.0->-r /tmp/venvb9u1d0u0/requirements.txt (line 1)) (1.0.0)
[2024-11-25T08:53:57.119+0000] {process_utils.py:194} INFO - Requirement already satisfied: rfc3339-validator>=0.1.4 in /home/***/.local/lib/python3.12/site-packages (from apache-***>=2.8.0->apache-***-providers-amazon>=9.1.0->interpark==0.2.0->-r /tmp/venvb9u1d0u0/requirements.txt (line 1)) (0.1.4)
[2024-11-25T08:53:57.120+0000] {process_utils.py:194} INFO - Requirement already satisfied: rich-argparse>=1.0.0 in /home/***/.local/lib/python3.12/site-packages (from apache-***>=2.8.0->apache-***-providers-amazon>=9.1.0->interpark==0.2.0->-r /tmp/venvb9u1d0u0/requirements.txt (line 1)) (1.6.0)
[2024-11-25T08:53:57.120+0000] {process_utils.py:194} INFO - Requirement already satisfied: rich>=12.4.4 in /home/***/.local/lib/python3.12/site-packages (from apache-***>=2.8.0->apache-***-providers-amazon>=9.1.0->interpark==0.2.0->-r /tmp/venvb9u1d0u0/requirements.txt (line 1)) (13.9.4)
[2024-11-25T08:53:57.121+0000] {process_utils.py:194} INFO - Requirement already satisfied: setproctitle>=1.3.3 in /home/***/.local/lib/python3.12/site-packages (from apache-***>=2.8.0->apache-***-providers-amazon>=9.1.0->interpark==0.2.0->-r /tmp/venvb9u1d0u0/requirements.txt (line 1)) (1.3.3)
[2024-11-25T08:53:57.122+0000] {process_utils.py:194} INFO - Requirement already satisfied: sqlalchemy<2.0,>=1.4.36 in /home/***/.local/lib/python3.12/site-packages (from apache-***>=2.8.0->apache-***-providers-amazon>=9.1.0->interpark==0.2.0->-r /tmp/venvb9u1d0u0/requirements.txt (line 1)) (1.4.54)
[2024-11-25T08:53:57.122+0000] {process_utils.py:194} INFO - Requirement already satisfied: sqlalchemy-jsonfield>=1.0 in /home/***/.local/lib/python3.12/site-packages (from apache-***>=2.8.0->apache-***-providers-amazon>=9.1.0->interpark==0.2.0->-r /tmp/venvb9u1d0u0/requirements.txt (line 1)) (1.0.2)
[2024-11-25T08:53:57.123+0000] {process_utils.py:194} INFO - Requirement already satisfied: tabulate>=0.7.5 in /home/***/.local/lib/python3.12/site-packages (from apache-***>=2.8.0->apache-***-providers-amazon>=9.1.0->interpark==0.2.0->-r /tmp/venvb9u1d0u0/requirements.txt (line 1)) (0.9.0)
[2024-11-25T08:53:57.123+0000] {process_utils.py:194} INFO - Requirement already satisfied: tenacity!=8.2.0,>=8.0.0 in /home/***/.local/lib/python3.12/site-packages (from apache-***>=2.8.0->apache-***-providers-amazon>=9.1.0->interpark==0.2.0->-r /tmp/venvb9u1d0u0/requirements.txt (line 1)) (8.5.0)
[2024-11-25T08:53:57.124+0000] {process_utils.py:194} INFO - Requirement already satisfied: termcolor>=1.1.0 in /home/***/.local/lib/python3.12/site-packages (from apache-***>=2.8.0->apache-***-providers-amazon>=9.1.0->interpark==0.2.0->-r /tmp/venvb9u1d0u0/requirements.txt (line 1)) (2.5.0)
[2024-11-25T08:53:57.124+0000] {process_utils.py:194} INFO - Requirement already satisfied: universal-pathlib!=0.2.4,>=0.2.2 in /home/***/.local/lib/python3.12/site-packages (from apache-***>=2.8.0->apache-***-providers-amazon>=9.1.0->interpark==0.2.0->-r /tmp/venvb9u1d0u0/requirements.txt (line 1)) (0.2.5)
[2024-11-25T08:53:57.125+0000] {process_utils.py:194} INFO - Requirement already satisfied: werkzeug<3,>=2.0 in /home/***/.local/lib/python3.12/site-packages (from apache-***>=2.8.0->apache-***-providers-amazon>=9.1.0->interpark==0.2.0->-r /tmp/venvb9u1d0u0/requirements.txt (line 1)) (2.2.3)
[2024-11-25T08:53:57.126+0000] {process_utils.py:194} INFO - Requirement already satisfied: apache-***-providers-common-io in /home/***/.local/lib/python3.12/site-packages (from apache-***>=2.8.0->apache-***-providers-amazon>=9.1.0->interpark==0.2.0->-r /tmp/venvb9u1d0u0/requirements.txt (line 1)) (1.4.2)
[2024-11-25T08:53:57.126+0000] {process_utils.py:194} INFO - Requirement already satisfied: apache-***-providers-fab>=1.0.2 in /home/***/.local/lib/python3.12/site-packages (from apache-***>=2.8.0->apache-***-providers-amazon>=9.1.0->interpark==0.2.0->-r /tmp/venvb9u1d0u0/requirements.txt (line 1)) (1.5.0)
[2024-11-25T08:53:57.127+0000] {process_utils.py:194} INFO - Requirement already satisfied: apache-***-providers-ftp in /home/***/.local/lib/python3.12/site-packages (from apache-***>=2.8.0->apache-***-providers-amazon>=9.1.0->interpark==0.2.0->-r /tmp/venvb9u1d0u0/requirements.txt (line 1)) (3.11.1)
[2024-11-25T08:53:57.128+0000] {process_utils.py:194} INFO - Requirement already satisfied: apache-***-providers-imap in /home/***/.local/lib/python3.12/site-packages (from apache-***>=2.8.0->apache-***-providers-amazon>=9.1.0->interpark==0.2.0->-r /tmp/venvb9u1d0u0/requirements.txt (line 1)) (3.7.0)
[2024-11-25T08:53:57.128+0000] {process_utils.py:194} INFO - Requirement already satisfied: apache-***-providers-smtp in /home/***/.local/lib/python3.12/site-packages (from apache-***>=2.8.0->apache-***-providers-amazon>=9.1.0->interpark==0.2.0->-r /tmp/venvb9u1d0u0/requirements.txt (line 1)) (1.8.0)
[2024-11-25T08:53:57.129+0000] {process_utils.py:194} INFO - Requirement already satisfied: apache-***-providers-sqlite in /home/***/.local/lib/python3.12/site-packages (from apache-***>=2.8.0->apache-***-providers-amazon>=9.1.0->interpark==0.2.0->-r /tmp/venvb9u1d0u0/requirements.txt (line 1)) (3.9.0)
[2024-11-25T08:53:57.130+0000] {process_utils.py:194} INFO - Requirement already satisfied: more-itertools>=9.0.0 in /home/***/.local/lib/python3.12/site-packages (from apache-***-providers-common-sql>=1.20.0->apache-***-providers-amazon>=9.1.0->interpark==0.2.0->-r /tmp/venvb9u1d0u0/requirements.txt (line 1)) (10.5.0)
[2024-11-25T08:53:57.132+0000] {process_utils.py:194} INFO - Requirement already satisfied: sqlparse>=0.5.1 in /home/***/.local/lib/python3.12/site-packages (from apache-***-providers-common-sql>=1.20.0->apache-***-providers-amazon>=9.1.0->interpark==0.2.0->-r /tmp/venvb9u1d0u0/requirements.txt (line 1)) (0.5.1)
[2024-11-25T08:53:57.144+0000] {process_utils.py:194} INFO - Requirement already satisfied: s3transfer<0.11.0,>=0.10.0 in /home/***/.local/lib/python3.12/site-packages (from boto3>=1.34.90->apache-***-providers-amazon>=9.1.0->interpark==0.2.0->-r /tmp/venvb9u1d0u0/requirements.txt (line 1)) (0.10.3)
[2024-11-25T08:53:57.165+0000] {process_utils.py:194} INFO - Requirement already satisfied: ply in /home/***/.local/lib/python3.12/site-packages (from jsonpath_ng>=1.5.3->apache-***-providers-amazon>=9.1.0->interpark==0.2.0->-r /tmp/venvb9u1d0u0/requirements.txt (line 1)) (3.11)
[2024-11-25T08:53:57.223+0000] {process_utils.py:194} INFO - Requirement already satisfied: lxml!=4.7.0,>=4.6.5 in /home/***/.local/lib/python3.12/site-packages (from python3-saml>=1.16.0->apache-***-providers-amazon>=9.1.0->interpark==0.2.0->-r /tmp/venvb9u1d0u0/requirements.txt (line 1)) (5.3.0)
[2024-11-25T08:53:57.224+0000] {process_utils.py:194} INFO - Requirement already satisfied: isodate>=0.6.1 in /home/***/.local/lib/python3.12/site-packages (from python3-saml>=1.16.0->apache-***-providers-amazon>=9.1.0->interpark==0.2.0->-r /tmp/venvb9u1d0u0/requirements.txt (line 1)) (0.7.2)
[2024-11-25T08:53:57.226+0000] {process_utils.py:194} INFO - Requirement already satisfied: xmlsec>=1.3.9 in /home/***/.local/lib/python3.12/site-packages (from python3-saml>=1.16.0->apache-***-providers-amazon>=9.1.0->interpark==0.2.0->-r /tmp/venvb9u1d0u0/requirements.txt (line 1)) (1.3.14)
[2024-11-25T08:53:57.237+0000] {process_utils.py:194} INFO - Requirement already satisfied: scramp<1.5.0,>=1.2.0 in /home/***/.local/lib/python3.12/site-packages (from redshift_connector>=2.0.918->apache-***-providers-amazon>=9.1.0->interpark==0.2.0->-r /tmp/venvb9u1d0u0/requirements.txt (line 1)) (1.4.5)
[2024-11-25T08:53:57.238+0000] {process_utils.py:194} INFO - Requirement already satisfied: pytz>=2020.1 in /home/***/.local/lib/python3.12/site-packages (from redshift_connector>=2.0.918->apache-***-providers-amazon>=9.1.0->interpark==0.2.0->-r /tmp/venvb9u1d0u0/requirements.txt (line 1)) (2024.2)
[2024-11-25T08:53:57.240+0000] {process_utils.py:194} INFO - Requirement already satisfied: setuptools in /home/***/.local/lib/python3.12/site-packages (from redshift_connector>=2.0.918->apache-***-providers-amazon>=9.1.0->interpark==0.2.0->-r /tmp/venvb9u1d0u0/requirements.txt (line 1)) (75.3.0)
[2024-11-25T08:53:57.245+0000] {process_utils.py:194} INFO - Requirement already satisfied: charset-normalizer<4,>=2 in /home/***/.local/lib/python3.12/site-packages (from requests->webdriver-manager>=4.0.2->interpark==0.2.0->-r /tmp/venvb9u1d0u0/requirements.txt (line 1)) (3.4.0)
[2024-11-25T08:53:57.246+0000] {process_utils.py:194} INFO - Requirement already satisfied: idna<4,>=2.5 in /home/***/.local/lib/python3.12/site-packages (from requests->webdriver-manager>=4.0.2->interpark==0.2.0->-r /tmp/venvb9u1d0u0/requirements.txt (line 1)) (3.10)
[2024-11-25T08:53:57.254+0000] {process_utils.py:194} INFO - Requirement already satisfied: sortedcontainers in /home/***/.local/lib/python3.12/site-packages (from trio~=0.17->selenium>=4.26.1->interpark==0.2.0->-r /tmp/venvb9u1d0u0/requirements.txt (line 1)) (2.4.0)
[2024-11-25T08:53:57.286+0000] {process_utils.py:194} INFO - Collecting outcome (from trio~=0.17->selenium>=4.26.1->interpark==0.2.0->-r /tmp/venvb9u1d0u0/requirements.txt (line 1))
[2024-11-25T08:53:57.288+0000] {process_utils.py:194} INFO -   Using cached outcome-1.3.0.post0-py2.py3-none-any.whl.metadata (2.6 kB)
[2024-11-25T08:53:57.313+0000] {process_utils.py:194} INFO - Requirement already satisfied: sniffio>=1.3.0 in /home/***/.local/lib/python3.12/site-packages (from trio~=0.17->selenium>=4.26.1->interpark==0.2.0->-r /tmp/venvb9u1d0u0/requirements.txt (line 1)) (1.3.1)
[2024-11-25T08:53:57.366+0000] {process_utils.py:194} INFO - Collecting wsproto>=0.14 (from trio-websocket~=0.9->selenium>=4.26.1->interpark==0.2.0->-r /tmp/venvb9u1d0u0/requirements.txt (line 1))
[2024-11-25T08:53:57.370+0000] {process_utils.py:194} INFO -   Using cached wsproto-1.2.0-py3-none-any.whl.metadata (5.6 kB)
[2024-11-25T08:53:57.426+0000] {process_utils.py:194} INFO - Collecting pysocks!=1.5.7,<2.0,>=1.5.6 (from urllib3[socks]<3,>=1.26->selenium>=4.26.1->interpark==0.2.0->-r /tmp/venvb9u1d0u0/requirements.txt (line 1))
[2024-11-25T08:53:57.428+0000] {process_utils.py:194} INFO -   Using cached PySocks-1.7.1-py3-none-any.whl.metadata (13 kB)
[2024-11-25T08:53:57.447+0000] {process_utils.py:194} INFO - Requirement already satisfied: aiohttp>=3.9.2 in /home/***/.local/lib/python3.12/site-packages (from apache-***-providers-http->apache-***-providers-amazon>=9.1.0->interpark==0.2.0->-r /tmp/venvb9u1d0u0/requirements.txt (line 1)) (3.10.10)
[2024-11-25T08:53:57.458+0000] {process_utils.py:194} INFO - Requirement already satisfied: aiohappyeyeballs>=2.3.0 in /home/***/.local/lib/python3.12/site-packages (from aiohttp>=3.9.2->apache-***-providers-http->apache-***-providers-amazon>=9.1.0->interpark==0.2.0->-r /tmp/venvb9u1d0u0/requirements.txt (line 1)) (2.4.3)
[2024-11-25T08:53:57.459+0000] {process_utils.py:194} INFO - Requirement already satisfied: aiosignal>=1.1.2 in /home/***/.local/lib/python3.12/site-packages (from aiohttp>=3.9.2->apache-***-providers-http->apache-***-providers-amazon>=9.1.0->interpark==0.2.0->-r /tmp/venvb9u1d0u0/requirements.txt (line 1)) (1.3.1)
[2024-11-25T08:53:57.460+0000] {process_utils.py:194} INFO - Requirement already satisfied: frozenlist>=1.1.1 in /home/***/.local/lib/python3.12/site-packages (from aiohttp>=3.9.2->apache-***-providers-http->apache-***-providers-amazon>=9.1.0->interpark==0.2.0->-r /tmp/venvb9u1d0u0/requirements.txt (line 1)) (1.5.0)
[2024-11-25T08:53:57.460+0000] {process_utils.py:194} INFO - Requirement already satisfied: multidict<7.0,>=4.5 in /home/***/.local/lib/python3.12/site-packages (from aiohttp>=3.9.2->apache-***-providers-http->apache-***-providers-amazon>=9.1.0->interpark==0.2.0->-r /tmp/venvb9u1d0u0/requirements.txt (line 1)) (6.1.0)
[2024-11-25T08:53:57.461+0000] {process_utils.py:194} INFO - Requirement already satisfied: yarl<2.0,>=1.12.0 in /home/***/.local/lib/python3.12/site-packages (from aiohttp>=3.9.2->apache-***-providers-http->apache-***-providers-amazon>=9.1.0->interpark==0.2.0->-r /tmp/venvb9u1d0u0/requirements.txt (line 1)) (1.17.1)
[2024-11-25T08:53:57.466+0000] {process_utils.py:194} INFO - Requirement already satisfied: Mako in /home/***/.local/lib/python3.12/site-packages (from alembic<2.0,>=1.13.1->apache-***>=2.8.0->apache-***-providers-amazon>=9.1.0->interpark==0.2.0->-r /tmp/venvb9u1d0u0/requirements.txt (line 1)) (1.3.6)
[2024-11-25T08:53:57.471+0000] {process_utils.py:194} INFO - Requirement already satisfied: flask-appbuilder==4.5.2 in /home/***/.local/lib/python3.12/site-packages (from apache-***-providers-fab>=1.0.2->apache-***>=2.8.0->apache-***-providers-amazon>=9.1.0->interpark==0.2.0->-r /tmp/venvb9u1d0u0/requirements.txt (line 1)) (4.5.2)
[2024-11-25T08:53:57.472+0000] {process_utils.py:194} INFO - Requirement already satisfied: flask-login>=0.6.2 in /home/***/.local/lib/python3.12/site-packages (from apache-***-providers-fab>=1.0.2->apache-***>=2.8.0->apache-***-providers-amazon>=9.1.0->interpark==0.2.0->-r /tmp/venvb9u1d0u0/requirements.txt (line 1)) (0.6.3)
[2024-11-25T08:53:57.482+0000] {process_utils.py:194} INFO - Requirement already satisfied: apispec<7,>=6.0.0 in /home/***/.local/lib/python3.12/site-packages (from apispec[yaml]<7,>=6.0.0->flask-appbuilder==4.5.2->apache-***-providers-fab>=1.0.2->apache-***>=2.8.0->apache-***-providers-amazon>=9.1.0->interpark==0.2.0->-r /tmp/venvb9u1d0u0/requirements.txt (line 1)) (6.7.1)
[2024-11-25T08:53:57.483+0000] {process_utils.py:194} INFO - Requirement already satisfied: colorama<1,>=0.3.9 in /home/***/.local/lib/python3.12/site-packages (from flask-appbuilder==4.5.2->apache-***-providers-fab>=1.0.2->apache-***>=2.8.0->apache-***-providers-amazon>=9.1.0->interpark==0.2.0->-r /tmp/venvb9u1d0u0/requirements.txt (line 1)) (0.4.6)
[2024-11-25T08:53:57.483+0000] {process_utils.py:194} INFO - Requirement already satisfied: click<9,>=8 in /home/***/.local/lib/python3.12/site-packages (from flask-appbuilder==4.5.2->apache-***-providers-fab>=1.0.2->apache-***>=2.8.0->apache-***-providers-amazon>=9.1.0->interpark==0.2.0->-r /tmp/venvb9u1d0u0/requirements.txt (line 1)) (8.1.7)
[2024-11-25T08:53:57.484+0000] {process_utils.py:194} INFO - Requirement already satisfied: email-validator>=1.0.5 in /home/***/.local/lib/python3.12/site-packages (from flask-appbuilder==4.5.2->apache-***-providers-fab>=1.0.2->apache-***>=2.8.0->apache-***-providers-amazon>=9.1.0->interpark==0.2.0->-r /tmp/venvb9u1d0u0/requirements.txt (line 1)) (2.2.0)
[2024-11-25T08:53:57.485+0000] {process_utils.py:194} INFO - Requirement already satisfied: Flask-Babel<3,>=1 in /home/***/.local/lib/python3.12/site-packages (from flask-appbuilder==4.5.2->apache-***-providers-fab>=1.0.2->apache-***>=2.8.0->apache-***-providers-amazon>=9.1.0->interpark==0.2.0->-r /tmp/venvb9u1d0u0/requirements.txt (line 1)) (2.0.0)
[2024-11-25T08:53:57.485+0000] {process_utils.py:194} INFO - Requirement already satisfied: Flask-Limiter<4,>3 in /home/***/.local/lib/python3.12/site-packages (from flask-appbuilder==4.5.2->apache-***-providers-fab>=1.0.2->apache-***>=2.8.0->apache-***-providers-amazon>=9.1.0->interpark==0.2.0->-r /tmp/venvb9u1d0u0/requirements.txt (line 1)) (3.8.0)
[2024-11-25T08:53:57.486+0000] {process_utils.py:194} INFO - Requirement already satisfied: Flask-SQLAlchemy<3,>=2.4 in /home/***/.local/lib/python3.12/site-packages (from flask-appbuilder==4.5.2->apache-***-providers-fab>=1.0.2->apache-***>=2.8.0->apache-***-providers-amazon>=9.1.0->interpark==0.2.0->-r /tmp/venvb9u1d0u0/requirements.txt (line 1)) (2.5.1)
[2024-11-25T08:53:57.486+0000] {process_utils.py:194} INFO - Requirement already satisfied: Flask-JWT-Extended<5.0.0,>=4.0.0 in /home/***/.local/lib/python3.12/site-packages (from flask-appbuilder==4.5.2->apache-***-providers-fab>=1.0.2->apache-***>=2.8.0->apache-***-providers-amazon>=9.1.0->interpark==0.2.0->-r /tmp/venvb9u1d0u0/requirements.txt (line 1)) (4.6.0)
[2024-11-25T08:53:57.487+0000] {process_utils.py:194} INFO - Requirement already satisfied: marshmallow<4,>=3.18.0 in /home/***/.local/lib/python3.12/site-packages (from flask-appbuilder==4.5.2->apache-***-providers-fab>=1.0.2->apache-***>=2.8.0->apache-***-providers-amazon>=9.1.0->interpark==0.2.0->-r /tmp/venvb9u1d0u0/requirements.txt (line 1)) (3.23.1)
[2024-11-25T08:53:57.488+0000] {process_utils.py:194} INFO - Requirement already satisfied: marshmallow-sqlalchemy<0.29.0,>=0.22.0 in /home/***/.local/lib/python3.12/site-packages (from flask-appbuilder==4.5.2->apache-***-providers-fab>=1.0.2->apache-***>=2.8.0->apache-***-providers-amazon>=9.1.0->interpark==0.2.0->-r /tmp/venvb9u1d0u0/requirements.txt (line 1)) (0.28.2)
[2024-11-25T08:53:57.489+0000] {process_utils.py:194} INFO - Requirement already satisfied: prison<1.0.0,>=0.2.1 in /home/***/.local/lib/python3.12/site-packages (from flask-appbuilder==4.5.2->apache-***-providers-fab>=1.0.2->apache-***>=2.8.0->apache-***-providers-amazon>=9.1.0->interpark==0.2.0->-r /tmp/venvb9u1d0u0/requirements.txt (line 1)) (0.2.1)
[2024-11-25T08:53:57.489+0000] {process_utils.py:194} INFO - Requirement already satisfied: sqlalchemy-utils<1,>=0.32.21 in /home/***/.local/lib/python3.12/site-packages (from flask-appbuilder==4.5.2->apache-***-providers-fab>=1.0.2->apache-***>=2.8.0->apache-***-providers-amazon>=9.1.0->interpark==0.2.0->-r /tmp/venvb9u1d0u0/requirements.txt (line 1)) (0.41.2)
[2024-11-25T08:53:57.490+0000] {process_utils.py:194} INFO - Requirement already satisfied: WTForms<4 in /home/***/.local/lib/python3.12/site-packages (from flask-appbuilder==4.5.2->apache-***-providers-fab>=1.0.2->apache-***>=2.8.0->apache-***-providers-amazon>=9.1.0->interpark==0.2.0->-r /tmp/venvb9u1d0u0/requirements.txt (line 1)) (3.2.1)
[2024-11-25T08:53:57.556+0000] {process_utils.py:194} INFO - Requirement already satisfied: clickclick<21,>=1.2 in /home/***/.local/lib/python3.12/site-packages (from connexion<3.0,>=2.14.2->connexion[flask]<3.0,>=2.14.2->apache-***>=2.8.0->apache-***-providers-amazon>=9.1.0->interpark==0.2.0->-r /tmp/venvb9u1d0u0/requirements.txt (line 1)) (20.10.2)
[2024-11-25T08:53:57.557+0000] {process_utils.py:194} INFO - Requirement already satisfied: PyYAML<7,>=5.1 in /home/***/.local/lib/python3.12/site-packages (from connexion<3.0,>=2.14.2->connexion[flask]<3.0,>=2.14.2->apache-***>=2.8.0->apache-***-providers-amazon>=9.1.0->interpark==0.2.0->-r /tmp/venvb9u1d0u0/requirements.txt (line 1)) (6.0.2)
[2024-11-25T08:53:57.644+0000] {process_utils.py:194} INFO - Requirement already satisfied: cffi>=1.12 in /home/***/.local/lib/python3.12/site-packages (from cryptography>=41.0.0->apache-***>=2.8.0->apache-***-providers-amazon>=9.1.0->interpark==0.2.0->-r /tmp/venvb9u1d0u0/requirements.txt (line 1)) (1.17.1)
[2024-11-25T08:53:57.657+0000] {process_utils.py:194} INFO - Requirement already satisfied: wrapt<2,>=1.10 in /home/***/.local/lib/python3.12/site-packages (from deprecated>=1.2.13->apache-***>=2.8.0->apache-***-providers-amazon>=9.1.0->interpark==0.2.0->-r /tmp/venvb9u1d0u0/requirements.txt (line 1)) (1.16.0)
[2024-11-25T08:53:57.744+0000] {process_utils.py:194} INFO - Requirement already satisfied: cachelib<0.10.0,>=0.9.0 in /home/***/.local/lib/python3.12/site-packages (from flask-caching>=2.0.0->apache-***>=2.8.0->apache-***-providers-amazon>=9.1.0->interpark==0.2.0->-r /tmp/venvb9u1d0u0/requirements.txt (line 1)) (0.9.0)
[2024-11-25T08:53:57.793+0000] {process_utils.py:194} INFO - Requirement already satisfied: anyio in /home/***/.local/lib/python3.12/site-packages (from httpx>=0.25.0->apache-***>=2.8.0->apache-***-providers-amazon>=9.1.0->interpark==0.2.0->-r /tmp/venvb9u1d0u0/requirements.txt (line 1)) (4.6.2.post1)
[2024-11-25T08:53:57.794+0000] {process_utils.py:194} INFO - Requirement already satisfied: httpcore==1.* in /home/***/.local/lib/python3.12/site-packages (from httpx>=0.25.0->apache-***>=2.8.0->apache-***-providers-amazon>=9.1.0->interpark==0.2.0->-r /tmp/venvb9u1d0u0/requirements.txt (line 1)) (1.0.6)
[2024-11-25T08:53:57.799+0000] {process_utils.py:194} INFO - Requirement already satisfied: h11<0.15,>=0.13 in /home/***/.local/lib/python3.12/site-packages (from httpcore==1.*->httpx>=0.25.0->apache-***>=2.8.0->apache-***-providers-amazon>=9.1.0->interpark==0.2.0->-r /tmp/venvb9u1d0u0/requirements.txt (line 1)) (0.14.0)
[2024-11-25T08:53:57.842+0000] {process_utils.py:194} INFO - Requirement already satisfied: jsonschema-specifications>=2023.03.6 in /home/***/.local/lib/python3.12/site-packages (from jsonschema>=4.18.0->apache-***>=2.8.0->apache-***-providers-amazon>=9.1.0->interpark==0.2.0->-r /tmp/venvb9u1d0u0/requirements.txt (line 1)) (2023.12.1)
[2024-11-25T08:53:57.843+0000] {process_utils.py:194} INFO - Requirement already satisfied: referencing>=0.28.4 in /home/***/.local/lib/python3.12/site-packages (from jsonschema>=4.18.0->apache-***>=2.8.0->apache-***-providers-amazon>=9.1.0->interpark==0.2.0->-r /tmp/venvb9u1d0u0/requirements.txt (line 1)) (0.35.1)
[2024-11-25T08:53:57.844+0000] {process_utils.py:194} INFO - Requirement already satisfied: rpds-py>=0.7.1 in /home/***/.local/lib/python3.12/site-packages (from jsonschema>=4.18.0->apache-***>=2.8.0->apache-***-providers-amazon>=9.1.0->interpark==0.2.0->-r /tmp/venvb9u1d0u0/requirements.txt (line 1)) (0.20.1)
[2024-11-25T08:53:57.856+0000] {process_utils.py:194} INFO - Requirement already satisfied: uc-micro-py in /home/***/.local/lib/python3.12/site-packages (from linkify-it-py>=2.0.0->apache-***>=2.8.0->apache-***-providers-amazon>=9.1.0->interpark==0.2.0->-r /tmp/venvb9u1d0u0/requirements.txt (line 1)) (1.0.3)
[2024-11-25T08:53:57.877+0000] {process_utils.py:194} INFO - Requirement already satisfied: mdurl~=0.1 in /home/***/.local/lib/python3.12/site-packages (from markdown-it-py>=2.1.0->apache-***>=2.8.0->apache-***-providers-amazon>=9.1.0->interpark==0.2.0->-r /tmp/venvb9u1d0u0/requirements.txt (line 1)) (0.1.2)
[2024-11-25T08:53:57.897+0000] {process_utils.py:194} INFO - Requirement already satisfied: wirerope>=0.4.7 in /home/***/.local/lib/python3.12/site-packages (from methodtools>=0.4.7->apache-***>=2.8.0->apache-***-providers-amazon>=9.1.0->interpark==0.2.0->-r /tmp/venvb9u1d0u0/requirements.txt (line 1)) (0.4.7)
[2024-11-25T08:53:57.916+0000] {process_utils.py:194} INFO - Requirement already satisfied: importlib-metadata<=8.4.0,>=6.0 in /home/***/.local/lib/python3.12/site-packages (from opentelemetry-api>=1.15.0->apache-***>=2.8.0->apache-***-providers-amazon>=9.1.0->interpark==0.2.0->-r /tmp/venvb9u1d0u0/requirements.txt (line 1)) (6.11.0)
[2024-11-25T08:53:57.922+0000] {process_utils.py:194} INFO - Requirement already satisfied: opentelemetry-exporter-otlp-proto-grpc==1.27.0 in /home/***/.local/lib/python3.12/site-packages (from opentelemetry-exporter-otlp>=1.15.0->apache-***>=2.8.0->apache-***-providers-amazon>=9.1.0->interpark==0.2.0->-r /tmp/venvb9u1d0u0/requirements.txt (line 1)) (1.27.0)
[2024-11-25T08:53:57.922+0000] {process_utils.py:194} INFO - Requirement already satisfied: opentelemetry-exporter-otlp-proto-http==1.27.0 in /home/***/.local/lib/python3.12/site-packages (from opentelemetry-exporter-otlp>=1.15.0->apache-***>=2.8.0->apache-***-providers-amazon>=9.1.0->interpark==0.2.0->-r /tmp/venvb9u1d0u0/requirements.txt (line 1)) (1.27.0)
[2024-11-25T08:53:57.927+0000] {process_utils.py:194} INFO - Requirement already satisfied: googleapis-common-protos~=1.52 in /home/***/.local/lib/python3.12/site-packages (from opentelemetry-exporter-otlp-proto-grpc==1.27.0->opentelemetry-exporter-otlp>=1.15.0->apache-***>=2.8.0->apache-***-providers-amazon>=9.1.0->interpark==0.2.0->-r /tmp/venvb9u1d0u0/requirements.txt (line 1)) (1.65.0)
[2024-11-25T08:53:57.928+0000] {process_utils.py:194} INFO - Requirement already satisfied: grpcio<2.0.0,>=1.0.0 in /home/***/.local/lib/python3.12/site-packages (from opentelemetry-exporter-otlp-proto-grpc==1.27.0->opentelemetry-exporter-otlp>=1.15.0->apache-***>=2.8.0->apache-***-providers-amazon>=9.1.0->interpark==0.2.0->-r /tmp/venvb9u1d0u0/requirements.txt (line 1)) (1.67.1)
[2024-11-25T08:53:57.929+0000] {process_utils.py:194} INFO - Requirement already satisfied: opentelemetry-exporter-otlp-proto-common==1.27.0 in /home/***/.local/lib/python3.12/site-packages (from opentelemetry-exporter-otlp-proto-grpc==1.27.0->opentelemetry-exporter-otlp>=1.15.0->apache-***>=2.8.0->apache-***-providers-amazon>=9.1.0->interpark==0.2.0->-r /tmp/venvb9u1d0u0/requirements.txt (line 1)) (1.27.0)
[2024-11-25T08:53:57.929+0000] {process_utils.py:194} INFO - Requirement already satisfied: opentelemetry-proto==1.27.0 in /home/***/.local/lib/python3.12/site-packages (from opentelemetry-exporter-otlp-proto-grpc==1.27.0->opentelemetry-exporter-otlp>=1.15.0->apache-***>=2.8.0->apache-***-providers-amazon>=9.1.0->interpark==0.2.0->-r /tmp/venvb9u1d0u0/requirements.txt (line 1)) (1.27.0)
[2024-11-25T08:53:57.930+0000] {process_utils.py:194} INFO - Requirement already satisfied: opentelemetry-sdk~=1.27.0 in /home/***/.local/lib/python3.12/site-packages (from opentelemetry-exporter-otlp-proto-grpc==1.27.0->opentelemetry-exporter-otlp>=1.15.0->apache-***>=2.8.0->apache-***-providers-amazon>=9.1.0->interpark==0.2.0->-r /tmp/venvb9u1d0u0/requirements.txt (line 1)) (1.27.0)
[2024-11-25T08:53:57.947+0000] {process_utils.py:194} INFO - Requirement already satisfied: protobuf<5.0,>=3.19 in /home/***/.local/lib/python3.12/site-packages (from opentelemetry-proto==1.27.0->opentelemetry-exporter-otlp-proto-grpc==1.27.0->opentelemetry-exporter-otlp>=1.15.0->apache-***>=2.8.0->apache-***-providers-amazon>=9.1.0->interpark==0.2.0->-r /tmp/venvb9u1d0u0/requirements.txt (line 1)) (4.25.5)
[2024-11-25T08:53:58.014+0000] {process_utils.py:194} INFO - Requirement already satisfied: tzdata>=2020.1 in /home/***/.local/lib/python3.12/site-packages (from pendulum<4.0,>=3.0.0->apache-***>=2.8.0->apache-***-providers-amazon>=9.1.0->interpark==0.2.0->-r /tmp/venvb9u1d0u0/requirements.txt (line 1)) (2024.2)
[2024-11-25T08:53:58.016+0000] {process_utils.py:194} INFO - Requirement already satisfied: time-machine>=2.6.0 in /home/***/.local/lib/python3.12/site-packages (from pendulum<4.0,>=3.0.0->apache-***>=2.8.0->apache-***-providers-amazon>=9.1.0->interpark==0.2.0->-r /tmp/venvb9u1d0u0/requirements.txt (line 1)) (2.16.0)
[2024-11-25T08:53:58.070+0000] {process_utils.py:194} INFO - Requirement already satisfied: six>=1.5 in /home/***/.local/lib/python3.12/site-packages (from python-dateutil>=2.7.0->apache-***>=2.8.0->apache-***-providers-amazon>=9.1.0->interpark==0.2.0->-r /tmp/venvb9u1d0u0/requirements.txt (line 1)) (1.16.0)
[2024-11-25T08:53:58.082+0000] {process_utils.py:194} INFO - Requirement already satisfied: text-unidecode>=1.3 in /home/***/.local/lib/python3.12/site-packages (from python-slugify>=5.0->apache-***>=2.8.0->apache-***-providers-amazon>=9.1.0->interpark==0.2.0->-r /tmp/venvb9u1d0u0/requirements.txt (line 1)) (1.3)
[2024-11-25T08:53:58.126+0000] {process_utils.py:194} INFO - Requirement already satisfied: asn1crypto>=1.5.1 in /home/***/.local/lib/python3.12/site-packages (from scramp<1.5.0,>=1.2.0->redshift_connector>=2.0.918->apache-***-providers-amazon>=9.1.0->interpark==0.2.0->-r /tmp/venvb9u1d0u0/requirements.txt (line 1)) (1.5.1)
[2024-11-25T08:53:58.156+0000] {process_utils.py:194} INFO - Requirement already satisfied: greenlet!=0.4.17 in /home/***/.local/lib/python3.12/site-packages (from sqlalchemy<2.0,>=1.4.36->apache-***>=2.8.0->apache-***-providers-amazon>=9.1.0->interpark==0.2.0->-r /tmp/venvb9u1d0u0/requirements.txt (line 1)) (3.1.1)
[2024-11-25T08:53:58.265+0000] {process_utils.py:194} INFO - Requirement already satisfied: pycparser in /home/***/.local/lib/python3.12/site-packages (from cffi>=1.12->cryptography>=41.0.0->apache-***>=2.8.0->apache-***-providers-amazon>=9.1.0->interpark==0.2.0->-r /tmp/venvb9u1d0u0/requirements.txt (line 1)) (2.22)
[2024-11-25T08:53:58.324+0000] {process_utils.py:194} INFO - Requirement already satisfied: zipp>=0.5 in /home/***/.local/lib/python3.12/site-packages (from importlib-metadata<=8.4.0,>=6.0->opentelemetry-api>=1.15.0->apache-***>=2.8.0->apache-***-providers-amazon>=9.1.0->interpark==0.2.0->-r /tmp/venvb9u1d0u0/requirements.txt (line 1)) (3.20.2)
[2024-11-25T08:53:58.470+0000] {process_utils.py:194} INFO - Requirement already satisfied: propcache>=0.2.0 in /home/***/.local/lib/python3.12/site-packages (from yarl<2.0,>=1.12.0->aiohttp>=3.9.2->apache-***-providers-http->apache-***-providers-amazon>=9.1.0->interpark==0.2.0->-r /tmp/venvb9u1d0u0/requirements.txt (line 1)) (0.2.0)
[2024-11-25T08:53:58.552+0000] {process_utils.py:194} INFO - Requirement already satisfied: Babel>=2.3 in /home/***/.local/lib/python3.12/site-packages (from Flask-Babel<3,>=1->flask-appbuilder==4.5.2->apache-***-providers-fab>=1.0.2->apache-***>=2.8.0->apache-***-providers-amazon>=9.1.0->interpark==0.2.0->-r /tmp/venvb9u1d0u0/requirements.txt (line 1)) (2.16.0)
[2024-11-25T08:53:58.568+0000] {process_utils.py:194} INFO - Requirement already satisfied: limits>=3.13 in /home/***/.local/lib/python3.12/site-packages (from Flask-Limiter<4,>3->flask-appbuilder==4.5.2->apache-***-providers-fab>=1.0.2->apache-***>=2.8.0->apache-***-providers-amazon>=9.1.0->interpark==0.2.0->-r /tmp/venvb9u1d0u0/requirements.txt (line 1)) (3.13.0)
[2024-11-25T08:53:58.569+0000] {process_utils.py:194} INFO - Requirement already satisfied: ordered-set<5,>4 in /home/***/.local/lib/python3.12/site-packages (from Flask-Limiter<4,>3->flask-appbuilder==4.5.2->apache-***-providers-fab>=1.0.2->apache-***>=2.8.0->apache-***-providers-amazon>=9.1.0->interpark==0.2.0->-r /tmp/venvb9u1d0u0/requirements.txt (line 1)) (4.1.0)
[2024-11-25T08:53:58.638+0000] {process_utils.py:194} INFO - Requirement already satisfied: opentelemetry-semantic-conventions==0.48b0 in /home/***/.local/lib/python3.12/site-packages (from opentelemetry-sdk~=1.27.0->opentelemetry-exporter-otlp-proto-grpc==1.27.0->opentelemetry-exporter-otlp>=1.15.0->apache-***>=2.8.0->apache-***-providers-amazon>=9.1.0->interpark==0.2.0->-r /tmp/venvb9u1d0u0/requirements.txt (line 1)) (0.48b0)
[2024-11-25T08:53:58.754+0000] {process_utils.py:194} INFO - Requirement already satisfied: importlib-resources>=1.3 in /home/***/.local/lib/python3.12/site-packages (from limits>=3.13->Flask-Limiter<4,>3->flask-appbuilder==4.5.2->apache-***-providers-fab>=1.0.2->apache-***>=2.8.0->apache-***-providers-amazon>=9.1.0->interpark==0.2.0->-r /tmp/venvb9u1d0u0/requirements.txt (line 1)) (6.4.5)
[2024-11-25T08:53:58.858+0000] {process_utils.py:194} INFO - Using cached apache_***_providers_amazon-9.1.0-py3-none-any.whl (596 kB)
[2024-11-25T08:53:58.864+0000] {process_utils.py:194} INFO - Using cached chromedriver_autoinstaller-0.6.4-py3-none-any.whl (7.6 kB)
[2024-11-25T08:53:58.867+0000] {process_utils.py:194} INFO - Using cached pymongo-4.10.1-cp312-cp312-manylinux_2_17_x86_64.manylinux2014_x86_64.whl (1.9 MB)
[2024-11-25T08:53:58.880+0000] {process_utils.py:194} INFO - Using cached selenium-4.26.1-py3-none-any.whl (9.7 MB)
[2024-11-25T08:53:59.185+0000] {process_utils.py:194} INFO - Using cached webdriver_manager-4.0.2-py2.py3-none-any.whl (27 kB)
[2024-11-25T08:53:59.201+0000] {process_utils.py:194} INFO - Using cached apache_***_providers_common_sql-1.20.0-py3-none-any.whl (47 kB)
[2024-11-25T08:53:59.216+0000] {process_utils.py:194} INFO - Using cached trio-0.27.0-py3-none-any.whl (481 kB)
[2024-11-25T08:53:59.278+0000] {process_utils.py:194} INFO - Using cached trio_websocket-0.11.1-py3-none-any.whl (17 kB)
[2024-11-25T08:53:59.333+0000] {process_utils.py:194} INFO - Using cached PySocks-1.7.1-py3-none-any.whl (16 kB)
[2024-11-25T08:53:59.374+0000] {process_utils.py:194} INFO - Using cached wsproto-1.2.0-py3-none-any.whl (24 kB)
[2024-11-25T08:53:59.397+0000] {process_utils.py:194} INFO - Using cached outcome-1.3.0.post0-py2.py3-none-any.whl (10 kB)
[2024-11-25T08:53:59.448+0000] {process_utils.py:194} INFO - Building wheels for collected packages: interpark
[2024-11-25T08:53:59.458+0000] {process_utils.py:194} INFO -   Building wheel for interpark (pyproject.toml): started
[2024-11-25T08:54:00.843+0000] {process_utils.py:194} INFO -   Building wheel for interpark (pyproject.toml): finished with status 'done'
[2024-11-25T08:54:00.843+0000] {process_utils.py:194} INFO -   Created wheel for interpark: filename=interpark-0.2.0-py3-none-any.whl size=25586 sha256=4fd1a97349366e0cb6b924dd8c69720b52f9f9bad09e5b493c94a054dc823c4b
[2024-11-25T08:54:00.844+0000] {process_utils.py:194} INFO -   Stored in directory: /tmp/pip-ephem-wheel-cache-zyqrly8u/wheels/3b/e3/3f/2198c53e48ab1c477124eda1522aad636d2590cc0e6349feda
[2024-11-25T08:54:00.847+0000] {process_utils.py:194} INFO - Successfully built interpark
[2024-11-25T08:54:01.729+0000] {process_utils.py:194} INFO - Installing collected packages: wsproto, pysocks, pymongo, outcome, chromedriver-autoinstaller, webdriver-manager, trio, trio-websocket, selenium, apache-***-providers-common-sql, apache-***-providers-amazon, interpark
[2024-11-25T08:54:05.527+0000] {process_utils.py:194} INFO -   Attempting uninstall: apache-***-providers-common-sql
[2024-11-25T08:54:05.542+0000] {process_utils.py:194} INFO -     Found existing installation: apache-***-providers-common-sql 1.19.0
[2024-11-25T08:54:05.542+0000] {process_utils.py:194} INFO -     Not uninstalling apache-***-providers-common-sql at /home/***/.local/lib/python3.12/site-packages, outside environment /tmp/venvb9u1d0u0
[2024-11-25T08:54:05.543+0000] {process_utils.py:194} INFO -     Can't uninstall 'apache-***-providers-common-sql'. No files were found to uninstall.
[2024-11-25T08:54:05.595+0000] {process_utils.py:194} INFO -   Attempting uninstall: apache-***-providers-amazon
[2024-11-25T08:54:05.605+0000] {process_utils.py:194} INFO -     Found existing installation: apache-***-providers-amazon 9.0.0
[2024-11-25T08:54:05.605+0000] {process_utils.py:194} INFO -     Not uninstalling apache-***-providers-amazon at /home/***/.local/lib/python3.12/site-packages, outside environment /tmp/venvb9u1d0u0
[2024-11-25T08:54:05.606+0000] {process_utils.py:194} INFO -     Can't uninstall 'apache-***-providers-amazon'. No files were found to uninstall.
[2024-11-25T08:54:06.344+0000] {process_utils.py:194} INFO - Successfully installed apache-***-providers-amazon-9.1.0 apache-***-providers-common-sql-1.20.0 chromedriver-autoinstaller-0.6.4 interpark-0.2.0 outcome-1.3.0.post0 pymongo-4.10.1 pysocks-1.7.1 selenium-4.26.1 trio-0.27.0 trio-websocket-0.11.1 webdriver-manager-4.0.2 wsproto-1.2.0
[2024-11-25T08:54:07.126+0000] {python.py:513} INFO - Use 'pickle' as serializer.
[2024-11-25T08:54:07.527+0000] {process_utils.py:186} INFO - Executing cmd: /tmp/venvb9u1d0u0/bin/python /tmp/venv-calltc027ujw/script.py /tmp/venv-calltc027ujw/script.in /tmp/venv-calltc027ujw/script.out /tmp/venv-calltc027ujw/string_args.txt /tmp/venv-calltc027ujw/termination.log
[2024-11-25T08:54:07.529+0000] {process_utils.py:190} INFO - Output:
[2024-11-25T08:54:12.958+0000] {process_utils.py:194} INFO - /home/***/.local/lib/python3.12/site-packages/***/configuration.py:859 FutureWarning: section/key [core/sql_alchemy_conn] has been deprecated, you should use[database/sql_alchemy_conn] instead. Please update your `conf.get*` call to use the new name
[2024-11-25T08:54:14.923+0000] {process_utils.py:194} INFO - [2024-11-25T08:54:14.919+0000] {logger.py:11} INFO - ====== WebDriver manager ======
[2024-11-25T08:54:15.440+0000] {process_utils.py:194} INFO - [2024-11-25T08:54:15.439+0000] {logger.py:11} INFO - Get LATEST chromedriver version for google-chrome
[2024-11-25T08:54:15.473+0000] {process_utils.py:194} INFO - [2024-11-25T08:54:15.473+0000] {logger.py:11} INFO - Get LATEST chromedriver version for google-chrome
[2024-11-25T08:54:15.529+0000] {process_utils.py:194} INFO - [2024-11-25T08:54:15.528+0000] {logger.py:11} INFO - Driver [/home/***/.wdm/drivers/chromedriver/linux64/131.0.6778.85/chromedriver-linux64/chromedriver] found in cache
[2024-11-25T08:54:18.533+0000] {process_utils.py:194} INFO - [2024-11-25T08:54:18.532+0000] {logger.py:11} INFO - ====== WebDriver manager ======
[2024-11-25T08:54:18.723+0000] {process_utils.py:194} INFO - [2024-11-25T08:54:18.722+0000] {logger.py:11} INFO - Get LATEST chromedriver version for google-chrome
[2024-11-25T08:54:18.877+0000] {process_utils.py:194} INFO - [2024-11-25T08:54:18.876+0000] {logger.py:11} INFO - Get LATEST chromedriver version for google-chrome
[2024-11-25T08:54:18.908+0000] {process_utils.py:194} INFO - [2024-11-25T08:54:18.907+0000] {logger.py:11} INFO - Driver [/home/***/.wdm/drivers/chromedriver/linux64/131.0.6778.85/chromedriver-linux64/chromedriver] found in cache
[2024-11-25T08:54:31.325+0000] {process_utils.py:194} INFO -  : 2024 11 14()  8
[2024-11-25T08:54:31.326+0000] {process_utils.py:194} INFO -  
[2024-11-25T08:54:31.326+0000] {process_utils.py:194} INFO - https://ticket.interpark.com/webzine/paper/TPNoticeView.asp?bbsno=34&pageno=233&stext=&no=53479&groupno=53479&seq=0&KindOfGoods=TICKET&Genre=&sort=WriteDate  
[2024-11-25T08:54:31.326+0000] {process_utils.py:194} INFO - title/pre_open_date/open_date/poster_url  
[2024-11-25T08:54:31.327+0000] {process_utils.py:194} INFO - link  
[2024-11-25T08:54:31.327+0000] {process_utils.py:194} INFO - casting/description  
[2024-11-25T08:54:31.327+0000] {process_utils.py:194} INFO - http://tickets.interpark.com/contents/bridge/24016579 ....
[2024-11-25T08:54:31.328+0000] {process_utils.py:194} INFO -     
[2024-11-25T08:54:31.329+0000] {process_utils.py:194} INFO -   .
[2024-11-25T08:54:31.330+0000] {process_utils.py:194} INFO - {'title': '2024   IN ', 'category': None, 'location': None, 'price': None, 'start_date': None, 'end_date': None, 'show_time': None, 'running_time': None, 'casting': None, 'rating': None, 'description': '    2024  CCM \n           ,                     .', 'poster_url': 'https://ticketimage.interpark.com/Play/image/large/24/24016579_p.gif', 'open_date': '2024 11 14()  8', 'pre_open_date': None, 'artist': None, 'hosts': {'link': 'http://tickets.interpark.com/contents/bridge/24016579', 'site_id': 1}}
[2024-11-25T08:54:31.331+0000] {process_utils.py:194} INFO - Traceback (most recent call last):
[2024-11-25T08:54:31.332+0000] {process_utils.py:194} INFO -   File "/tmp/venv-calltc027ujw/script.py", line 59, in <module>
[2024-11-25T08:54:31.332+0000] {process_utils.py:194} INFO -     res = get_data(*arg_dict["args"], **arg_dict["kwargs"])
[2024-11-25T08:54:31.332+0000] {process_utils.py:194} INFO -           ^^^^^^^^^^^^^^^^^^^^^^^^^^^^^^^^^^^^^^^^^^^^^^^^^
[2024-11-25T08:54:31.333+0000] {process_utils.py:194} INFO -   File "/tmp/venv-calltc027ujw/script.py", line 23, in get_data
[2024-11-25T08:54:31.333+0000] {process_utils.py:194} INFO -     client = MongoClient(MONGO_URI)
[2024-11-25T08:54:31.333+0000] {process_utils.py:194} INFO -              ^^^^^^^^^^^^^^^^^^^^^^
[2024-11-25T08:54:31.334+0000] {process_utils.py:194} INFO -   File "/tmp/venvb9u1d0u0/lib/python3.12/site-packages/pymongo/synchronous/mongo_client.py", line 780, in __init__
[2024-11-25T08:54:31.334+0000] {process_utils.py:194} INFO -     res = uri_parser.parse_uri(
[2024-11-25T08:54:31.335+0000] {process_utils.py:194} INFO -           ^^^^^^^^^^^^^^^^^^^^^
[2024-11-25T08:54:31.335+0000] {process_utils.py:194} INFO -   File "/tmp/venvb9u1d0u0/lib/python3.12/site-packages/pymongo/uri_parser.py", line 558, in parse_uri
[2024-11-25T08:54:31.336+0000] {process_utils.py:194} INFO -     nodes = dns_resolver.get_hosts()
[2024-11-25T08:54:31.336+0000] {process_utils.py:194} INFO -             ^^^^^^^^^^^^^^^^^^^^^^^^
[2024-11-25T08:54:31.336+0000] {process_utils.py:194} INFO -   File "/tmp/venvb9u1d0u0/lib/python3.12/site-packages/pymongo/srv_resolver.py", line 140, in get_hosts
[2024-11-25T08:54:31.337+0000] {process_utils.py:194} INFO -     _, nodes = self._get_srv_response_and_hosts(True)
[2024-11-25T08:54:31.337+0000] {process_utils.py:194} INFO -                ^^^^^^^^^^^^^^^^^^^^^^^^^^^^^^^^^^^^^^
[2024-11-25T08:54:31.337+0000] {process_utils.py:194} INFO -   File "/tmp/venvb9u1d0u0/lib/python3.12/site-packages/pymongo/srv_resolver.py", line 120, in _get_srv_response_and_hosts
[2024-11-25T08:54:31.338+0000] {process_utils.py:194} INFO -     results = self._resolve_uri(encapsulate_errors)
[2024-11-25T08:54:31.338+0000] {process_utils.py:194} INFO -               ^^^^^^^^^^^^^^^^^^^^^^^^^^^^^^^^^^^^^
[2024-11-25T08:54:31.339+0000] {process_utils.py:194} INFO -   File "/tmp/venvb9u1d0u0/lib/python3.12/site-packages/pymongo/srv_resolver.py", line 114, in _resolve_uri
[2024-11-25T08:54:31.339+0000] {process_utils.py:194} INFO -     raise ConfigurationError(str(exc)) from None
[2024-11-25T08:54:31.340+0000] {process_utils.py:194} INFO - pymongo.errors.ConfigurationError: The DNS query name does not exist: _mongodb._tcp.cluster0.mongodb.net.
[2024-11-25T08:54:32.380+0000] {taskinstance.py:3311} ERROR - Task failed with exception
Traceback (most recent call last):
  File "/home/airflow/.local/lib/python3.12/site-packages/airflow/models/taskinstance.py", line 767, in _execute_task
    result = _execute_callable(context=context, **execute_callable_kwargs)
             ^^^^^^^^^^^^^^^^^^^^^^^^^^^^^^^^^^^^^^^^^^^^^^^^^^^^^^^^^^^^^
  File "/home/airflow/.local/lib/python3.12/site-packages/airflow/models/taskinstance.py", line 733, in _execute_callable
    return ExecutionCallableRunner(
           ^^^^^^^^^^^^^^^^^^^^^^^^
  File "/home/airflow/.local/lib/python3.12/site-packages/airflow/utils/operator_helpers.py", line 252, in run
    return self.func(*args, **kwargs)
           ^^^^^^^^^^^^^^^^^^^^^^^^^^
  File "/home/airflow/.local/lib/python3.12/site-packages/airflow/models/baseoperator.py", line 417, in wrapper
    return func(self, *args, **kwargs)
           ^^^^^^^^^^^^^^^^^^^^^^^^^^^
  File "/home/airflow/.local/lib/python3.12/site-packages/airflow/operators/python.py", line 505, in execute
    return super().execute(context=serializable_context)
           ^^^^^^^^^^^^^^^^^^^^^^^^^^^^^^^^^^^^^^^^^^^^^
  File "/home/airflow/.local/lib/python3.12/site-packages/airflow/models/baseoperator.py", line 417, in wrapper
    return func(self, *args, **kwargs)
           ^^^^^^^^^^^^^^^^^^^^^^^^^^^
  File "/home/airflow/.local/lib/python3.12/site-packages/airflow/operators/python.py", line 238, in execute
    return_value = self.execute_callable()
                   ^^^^^^^^^^^^^^^^^^^^^^^
  File "/home/airflow/.local/lib/python3.12/site-packages/airflow/operators/python.py", line 870, in execute_callable
    result = self._execute_python_callable_in_subprocess(python_path)
             ^^^^^^^^^^^^^^^^^^^^^^^^^^^^^^^^^^^^^^^^^^^^^^^^^^^^^^^^
  File "/home/airflow/.local/lib/python3.12/site-packages/airflow/operators/python.py", line 588, in _execute_python_callable_in_subprocess
    raise AirflowException(error_msg) from None
airflow.exceptions.AirflowException: Process returned non-zero exit status 1.
The DNS query name does not exist: _mongodb._tcp.cluster0.mongodb.net.
[2024-11-25T08:54:32.387+0000] {taskinstance.py:1225} INFO - Marking task as FAILED. dag_id=interpark_to_mongodb, task_id=extract, run_id=scheduled__2024-11-24T00:00:00+00:00, execution_date=20241124T000000, start_date=20241125T085341, end_date=20241125T085432
[2024-11-25T08:54:32.436+0000] {taskinstance.py:340} INFO - ::group::Post task execution logs
[2024-11-25T08:54:32.437+0000] {standard_task_runner.py:124} ERROR - Failed to execute job 211 for task extract (Process returned non-zero exit status 1.
The DNS query name does not exist: _mongodb._tcp.cluster0.mongodb.net.; 16250)
Traceback (most recent call last):
  File "/home/airflow/.local/lib/python3.12/site-packages/airflow/task/task_runner/standard_task_runner.py", line 117, in _start_by_fork
    ret = args.func(args, dag=self.dag)
          ^^^^^^^^^^^^^^^^^^^^^^^^^^^^^
  File "/home/airflow/.local/lib/python3.12/site-packages/airflow/cli/cli_config.py", line 49, in command
    return func(*args, **kwargs)
           ^^^^^^^^^^^^^^^^^^^^^
  File "/home/airflow/.local/lib/python3.12/site-packages/airflow/utils/cli.py", line 116, in wrapper
    return f(*args, **kwargs)
           ^^^^^^^^^^^^^^^^^^
  File "/home/airflow/.local/lib/python3.12/site-packages/airflow/cli/commands/task_command.py", line 483, in task_run
    task_return_code = _run_task_by_selected_method(args, _dag, ti)
                       ^^^^^^^^^^^^^^^^^^^^^^^^^^^^^^^^^^^^^^^^^^^^
  File "/home/airflow/.local/lib/python3.12/site-packages/airflow/cli/commands/task_command.py", line 256, in _run_task_by_selected_method
    return _run_raw_task(args, ti)
           ^^^^^^^^^^^^^^^^^^^^^^^
  File "/home/airflow/.local/lib/python3.12/site-packages/airflow/cli/commands/task_command.py", line 341, in _run_raw_task
    return ti._run_raw_task(
           ^^^^^^^^^^^^^^^^^
  File "/home/airflow/.local/lib/python3.12/site-packages/airflow/utils/session.py", line 97, in wrapper
    return func(*args, session=session, **kwargs)
           ^^^^^^^^^^^^^^^^^^^^^^^^^^^^^^^^^^^^^^
  File "/home/airflow/.local/lib/python3.12/site-packages/airflow/models/taskinstance.py", line 3005, in _run_raw_task
    return _run_raw_task(
           ^^^^^^^^^^^^^^
  File "/home/airflow/.local/lib/python3.12/site-packages/airflow/models/taskinstance.py", line 273, in _run_raw_task
    TaskInstance._execute_task_with_callbacks(
  File "/home/airflow/.local/lib/python3.12/site-packages/airflow/models/taskinstance.py", line 3159, in _execute_task_with_callbacks
    result = self._execute_task(context, task_orig)
             ^^^^^^^^^^^^^^^^^^^^^^^^^^^^^^^^^^^^^^
  File "/home/airflow/.local/lib/python3.12/site-packages/airflow/models/taskinstance.py", line 3183, in _execute_task
    return _execute_task(self, context, task_orig)
           ^^^^^^^^^^^^^^^^^^^^^^^^^^^^^^^^^^^^^^^
  File "/home/airflow/.local/lib/python3.12/site-packages/airflow/models/taskinstance.py", line 767, in _execute_task
    result = _execute_callable(context=context, **execute_callable_kwargs)
             ^^^^^^^^^^^^^^^^^^^^^^^^^^^^^^^^^^^^^^^^^^^^^^^^^^^^^^^^^^^^^
  File "/home/airflow/.local/lib/python3.12/site-packages/airflow/models/taskinstance.py", line 733, in _execute_callable
    return ExecutionCallableRunner(
           ^^^^^^^^^^^^^^^^^^^^^^^^
  File "/home/airflow/.local/lib/python3.12/site-packages/airflow/utils/operator_helpers.py", line 252, in run
    return self.func(*args, **kwargs)
           ^^^^^^^^^^^^^^^^^^^^^^^^^^
  File "/home/airflow/.local/lib/python3.12/site-packages/airflow/models/baseoperator.py", line 417, in wrapper
    return func(self, *args, **kwargs)
           ^^^^^^^^^^^^^^^^^^^^^^^^^^^
  File "/home/airflow/.local/lib/python3.12/site-packages/airflow/operators/python.py", line 505, in execute
    return super().execute(context=serializable_context)
           ^^^^^^^^^^^^^^^^^^^^^^^^^^^^^^^^^^^^^^^^^^^^^
  File "/home/airflow/.local/lib/python3.12/site-packages/airflow/models/baseoperator.py", line 417, in wrapper
    return func(self, *args, **kwargs)
           ^^^^^^^^^^^^^^^^^^^^^^^^^^^
  File "/home/airflow/.local/lib/python3.12/site-packages/airflow/operators/python.py", line 238, in execute
    return_value = self.execute_callable()
                   ^^^^^^^^^^^^^^^^^^^^^^^
  File "/home/airflow/.local/lib/python3.12/site-packages/airflow/operators/python.py", line 870, in execute_callable
    result = self._execute_python_callable_in_subprocess(python_path)
             ^^^^^^^^^^^^^^^^^^^^^^^^^^^^^^^^^^^^^^^^^^^^^^^^^^^^^^^^
  File "/home/airflow/.local/lib/python3.12/site-packages/airflow/operators/python.py", line 588, in _execute_python_callable_in_subprocess
    raise AirflowException(error_msg) from None
airflow.exceptions.AirflowException: Process returned non-zero exit status 1.
The DNS query name does not exist: _mongodb._tcp.cluster0.mongodb.net.
[2024-11-25T08:54:32.513+0000] {local_task_job_runner.py:266} INFO - Task exited with return code 1
[2024-11-25T08:54:32.531+0000] {taskinstance.py:3895} INFO - 0 downstream tasks scheduled from follow-on schedule check
[2024-11-25T08:54:32.537+0000] {local_task_job_runner.py:245} INFO - ::endgroup::
